# JRE version: OpenJDK Runtime Environment (17.0.1+12) (build 17.0.1+12-39)
# Java VM: OpenJDK 64-Bit Server VM (17.0.1+12-39, mixed mode, sharing, tiered, compressed oops, compressed class ptrs, g1 gc, linux-amd64)
GC Precious Log:
 CPUs: 4 total, 4 available
 Memory: 7603M
 Large Page Support: Disabled
 NUMA Support: Disabled
 Compressed Oops: Enabled (32-bit)
 Heap Region Size: 1M
 Heap Min Capacity: 8M
 Heap Initial Capacity: 120M
 Heap Max Capacity: 2G
 Pre-touch: Disabled
 Parallel Workers: 4
 Concurrent Workers: 1
 Concurrent Refinement Workers: 4
 Periodic GC: Disabled
Heap:
 garbage-first heap   total 473088K, used 398056K [0x0000000080000000, 0x0000000100000000)
  region size 1024K, 133 young (136192K), 16 survivors (16384K)
 Metaspace       used 124578K, committed 126272K, reserved 536576K
  class space    used 17134K, committed 17920K, reserved 421888K
GC Heap History (20 events):
Event: 287.027 GC heap after
{Heap after GC invocations=73 (full 0):
 garbage-first heap   total 360448K, used 247756K [0x0000000080000000, 0x0000000100000000)
  region size 1024K, 5 young (5120K), 5 survivors (5120K)
 Metaspace       used 111207K, committed 112640K, reserved 520192K
  class space    used 15620K, committed 16320K, reserved 421888K
}
Event: 287.766 GC heap before
{Heap before GC invocations=73 (full 0):
 garbage-first heap   total 360448K, used 297932K [0x0000000080000000, 0x0000000100000000)
  region size 1024K, 55 young (56320K), 5 survivors (5120K)
 Metaspace       used 111212K, committed 112640K, reserved 520192K
  class space    used 15620K, committed 16320K, reserved 421888K
}
Event: 287.796 GC heap after
{Heap after GC invocations=74 (full 0):
 garbage-first heap   total 360448K, used 251736K [0x0000000080000000, 0x0000000100000000)
  region size 1024K, 5 young (5120K), 5 survivors (5120K)
 Metaspace       used 111212K, committed 112640K, reserved 520192K
  class space    used 15620K, committed 16320K, reserved 421888K
}
Event: 288.538 GC heap before
{Heap before GC invocations=74 (full 0):
 garbage-first heap   total 360448K, used 301912K [0x0000000080000000, 0x0000000100000000)
  region size 1024K, 54 young (55296K), 5 survivors (5120K)
 Metaspace       used 111213K, committed 112640K, reserved 520192K
  class space    used 15620K, committed 16320K, reserved 421888K
}
Event: 288.551 GC heap after
{Heap after GC invocations=75 (full 0):
 garbage-first heap   total 360448K, used 254358K [0x0000000080000000, 0x0000000100000000)
  region size 1024K, 5 young (5120K), 5 survivors (5120K)
 Metaspace       used 111213K, committed 112640K, reserved 520192K
  class space    used 15620K, committed 16320K, reserved 421888K
}
Event: 289.757 GC heap before
{Heap before GC invocations=75 (full 0):
 garbage-first heap   total 360448K, used 303510K [0x0000000080000000, 0x0000000100000000)
  region size 1024K, 54 young (55296K), 5 survivors (5120K)
 Metaspace       used 111376K, committed 112832K, reserved 520192K
  class space    used 15632K, committed 16320K, reserved 421888K
}
Event: 289.770 GC heap after
{Heap after GC invocations=76 (full 0):
 garbage-first heap   total 360448K, used 256748K [0x0000000080000000, 0x0000000100000000)
  region size 1024K, 5 young (5120K), 5 survivors (5120K)
 Metaspace       used 111376K, committed 112832K, reserved 520192K
  class space    used 15632K, committed 16320K, reserved 421888K
}
Event: 291.596 GC heap before
{Heap before GC invocations=77 (full 0):
 garbage-first heap   total 473088K, used 295660K [0x0000000080000000, 0x0000000100000000)
  region size 1024K, 44 young (45056K), 5 survivors (5120K)
 Metaspace       used 111621K, committed 113152K, reserved 520192K
  class space    used 15656K, committed 16384K, reserved 421888K
}
Event: 291.617 GC heap after
{Heap after GC invocations=78 (full 0):
 garbage-first heap   total 473088K, used 259119K [0x0000000080000000, 0x0000000100000000)
  region size 1024K, 3 young (3072K), 3 survivors (3072K)
 Metaspace       used 111621K, committed 113152K, reserved 520192K
  class space    used 15656K, committed 16384K, reserved 421888K
}
Event: 292.161 GC heap before
{Heap before GC invocations=78 (full 0):
 garbage-first heap   total 473088K, used 278575K [0x0000000080000000, 0x0000000100000000)
  region size 1024K, 23 young (23552K), 3 survivors (3072K)
 Metaspace       used 111701K, committed 113280K, reserved 520192K
  class space    used 15666K, committed 16384K, reserved 421888K
}
Event: 292.179 GC heap after
{Heap after GC invocations=79 (full 0):
 garbage-first heap   total 473088K, used 257765K [0x0000000080000000, 0x0000000100000000)
  region size 1024K, 3 young (3072K), 3 survivors (3072K)
 Metaspace       used 111701K, committed 113280K, reserved 520192K
  class space    used 15666K, committed 16384K, reserved 421888K
}
Event: 296.818 GC heap before
{Heap before GC invocations=79 (full 0):
 garbage-first heap   total 473088K, used 379621K [0x0000000080000000, 0x0000000100000000)
  region size 1024K, 123 young (125952K), 3 survivors (3072K)
 Metaspace       used 112057K, committed 113600K, reserved 520192K
  class space    used 15691K, committed 16384K, reserved 421888K
}
Event: 296.882 GC heap after
{Heap after GC invocations=80 (full 0):
 garbage-first heap   total 473088K, used 264575K [0x0000000080000000, 0x0000000100000000)
  region size 1024K, 10 young (10240K), 10 survivors (10240K)
 Metaspace       used 112057K, committed 113600K, reserved 520192K
  class space    used 15691K, committed 16384K, reserved 421888K
}
Event: 300.205 GC heap before
{Heap before GC invocations=80 (full 0):
 garbage-first heap   total 473088K, used 384383K [0x0000000080000000, 0x0000000100000000)
  region size 1024K, 128 young (131072K), 10 survivors (10240K)
 Metaspace       used 112278K, committed 113856K, reserved 520192K
  class space    used 15711K, committed 16448K, reserved 421888K
}
Event: 300.339 GC heap after
{Heap after GC invocations=81 (full 0):
 garbage-first heap   total 473088K, used 270663K [0x0000000080000000, 0x0000000100000000)
  region size 1024K, 14 young (14336K), 14 survivors (14336K)
 Metaspace       used 112278K, committed 113856K, reserved 520192K
  class space    used 15711K, committed 16448K, reserved 421888K
}
Event: 312.422 GC heap before
{Heap before GC invocations=81 (full 0):
 garbage-first heap   total 473088K, used 395591K [0x0000000080000000, 0x0000000100000000)
  region size 1024K, 132 young (135168K), 14 survivors (14336K)
 Metaspace       used 117655K, committed 119296K, reserved 528384K
  class space    used 16299K, committed 17088K, reserved 421888K
}
Event: 312.460 GC heap after
{Heap after GC invocations=82 (full 0):
 garbage-first heap   total 473088K, used 275918K [0x0000000080000000, 0x0000000100000000)
  region size 1024K, 13 young (13312K), 13 survivors (13312K)
 Metaspace       used 117655K, committed 119296K, reserved 528384K
  class space    used 16299K, committed 17088K, reserved 421888K
}
Event: 3795.165 GC heap before
{Heap before GC invocations=82 (full 0):
 garbage-first heap   total 473088K, used 393677K [0x0000000080000000, 0x0000000100000000)
  region size 1024K, 129 young (132096K), 13 survivors (13312K)
 Metaspace       used 118994K, committed 120704K, reserved 528384K
  class space    used 16441K, committed 17280K, reserved 421888K
}
Event: 3795.369 GC heap after
{Heap after GC invocations=83 (full 0):
 garbage-first heap   total 473088K, used 278248K [0x0000000080000000, 0x0000000100000000)
  region size 1024K, 9 young (9216K), 9 survivors (9216K)
 Metaspace       used 118994K, committed 120704K, reserved 528384K
  class space    used 16441K, committed 17280K, reserved 421888K
}
Event: 6691.264 GC heap before
{Heap before GC invocations=83 (full 0):
 garbage-first heap   total 473088K, used 397032K [0x0000000080000000, 0x0000000100000000)
  region size 1024K, 126 young (129024K), 9 survivors (9216K)
 Metaspace       used 124578K, committed 126272K, reserved 536576K
  class space    used 17134K, committed 17920K, reserved 421888K
}

